Determining if the function futimens exists failed with the following output:
Change Dir: /Users/sfairchild/temp/sfairchild@github.com/vendor/ruby/2.2.0/gems/rugged-0.24.0b8/vendor/libgit2/build/CMakeFiles/CMakeTmp

Run Build Command:"/usr/bin/make" "cmTC_06910/fast"
/Applications/Xcode.app/Contents/Developer/usr/bin/make -f CMakeFiles/cmTC_06910.dir/build.make CMakeFiles/cmTC_06910.dir/build
Building C object CMakeFiles/cmTC_06910.dir/CheckFunctionExists.c.o
/Applications/Xcode.app/Contents/Developer/Toolchains/XcodeDefault.xctoolchain/usr/bin/cc    -D_GNU_SOURCE -Wall -Wextra -fPIC -Wdocumentation -Wno-missing-field-initializers -Wstrict-aliasing=2 -Wstrict-prototypes -Wdeclaration-after-statement -Wno-unused-const-variable -Wno-unused-function -Wno-deprecated-declarations -DCHECK_FUNCTION_EXISTS=futimens -isysroot /Applications/Xcode.app/Contents/Developer/Platforms/MacOSX.platform/Developer/SDKs/MacOSX10.11.sdk   -o CMakeFiles/cmTC_06910.dir/CheckFunctionExists.c.o   -c /usr/local/Cellar/cmake/3.4.0/share/cmake/Modules/CheckFunctionExists.c
Linking C executable cmTC_06910
/usr/local/Cellar/cmake/3.4.0/bin/cmake -E cmake_link_script CMakeFiles/cmTC_06910.dir/link.txt --verbose=1
/Applications/Xcode.app/Contents/Developer/Toolchains/XcodeDefault.xctoolchain/usr/bin/cc  -D_GNU_SOURCE -Wall -Wextra -fPIC -Wdocumentation -Wno-missing-field-initializers -Wstrict-aliasing=2 -Wstrict-prototypes -Wdeclaration-after-statement -Wno-unused-const-variable -Wno-unused-function -Wno-deprecated-declarations -DCHECK_FUNCTION_EXISTS=futimens -isysroot /Applications/Xcode.app/Contents/Developer/Platforms/MacOSX.platform/Developer/SDKs/MacOSX10.11.sdk -Wl,-search_paths_first -Wl,-headerpad_max_install_names   CMakeFiles/cmTC_06910.dir/CheckFunctionExists.c.o  -o cmTC_06910  
Undefined symbols for architecture x86_64:
  "_futimens", referenced from:
      _main in CheckFunctionExists.c.o
ld: symbol(s) not found for architecture x86_64
clang: error: linker command failed with exit code 1 (use -v to see invocation)
make[1]: *** [cmTC_06910] Error 1
make: *** [cmTC_06910/fast] Error 2


Determining if the function qsort_s exists failed with the following output:
Change Dir: /Users/sfairchild/temp/sfairchild@github.com/vendor/ruby/2.2.0/gems/rugged-0.24.0b8/vendor/libgit2/build/CMakeFiles/CMakeTmp

Run Build Command:"/usr/bin/make" "cmTC_a3087/fast"
/Applications/Xcode.app/Contents/Developer/usr/bin/make -f CMakeFiles/cmTC_a3087.dir/build.make CMakeFiles/cmTC_a3087.dir/build
Building C object CMakeFiles/cmTC_a3087.dir/CheckFunctionExists.c.o
/Applications/Xcode.app/Contents/Developer/Toolchains/XcodeDefault.xctoolchain/usr/bin/cc    -D_GNU_SOURCE -Wall -Wextra -fPIC -Wdocumentation -Wno-missing-field-initializers -Wstrict-aliasing=2 -Wstrict-prototypes -Wdeclaration-after-statement -Wno-unused-const-variable -Wno-unused-function -Wno-deprecated-declarations -DCHECK_FUNCTION_EXISTS=qsort_s -isysroot /Applications/Xcode.app/Contents/Developer/Platforms/MacOSX.platform/Developer/SDKs/MacOSX10.11.sdk   -o CMakeFiles/cmTC_a3087.dir/CheckFunctionExists.c.o   -c /usr/local/Cellar/cmake/3.4.0/share/cmake/Modules/CheckFunctionExists.c
Linking C executable cmTC_a3087
/usr/local/Cellar/cmake/3.4.0/bin/cmake -E cmake_link_script CMakeFiles/cmTC_a3087.dir/link.txt --verbose=1
/Applications/Xcode.app/Contents/Developer/Toolchains/XcodeDefault.xctoolchain/usr/bin/cc  -D_GNU_SOURCE -Wall -Wextra -fPIC -Wdocumentation -Wno-missing-field-initializers -Wstrict-aliasing=2 -Wstrict-prototypes -Wdeclaration-after-statement -Wno-unused-const-variable -Wno-unused-function -Wno-deprecated-declarations -DCHECK_FUNCTION_EXISTS=qsort_s -isysroot /Applications/Xcode.app/Contents/Developer/Platforms/MacOSX.platform/Developer/SDKs/MacOSX10.11.sdk -Wl,-search_paths_first -Wl,-headerpad_max_install_names   CMakeFiles/cmTC_a3087.dir/CheckFunctionExists.c.o  -o cmTC_a3087  
Undefined symbols for architecture x86_64:
  "_qsort_s", referenced from:
      _main in CheckFunctionExists.c.o
ld: symbol(s) not found for architecture x86_64
clang: error: linker command failed with exit code 1 (use -v to see invocation)
make[1]: *** [cmTC_a3087] Error 1
make: *** [cmTC_a3087/fast] Error 2


Determining if the function clock_gettime exists in the rt failed with the following output:
Change Dir: /Users/sfairchild/temp/sfairchild@github.com/vendor/ruby/2.2.0/gems/rugged-0.24.0b8/vendor/libgit2/build/CMakeFiles/CMakeTmp

Run Build Command:"/usr/bin/make" "cmTC_afb98/fast"
/Applications/Xcode.app/Contents/Developer/usr/bin/make -f CMakeFiles/cmTC_afb98.dir/build.make CMakeFiles/cmTC_afb98.dir/build
Building C object CMakeFiles/cmTC_afb98.dir/CheckFunctionExists.c.o
/Applications/Xcode.app/Contents/Developer/Toolchains/XcodeDefault.xctoolchain/usr/bin/cc    -D_GNU_SOURCE -Wall -Wextra -fPIC -Wdocumentation -Wno-missing-field-initializers -Wstrict-aliasing=2 -Wstrict-prototypes -Wdeclaration-after-statement -Wno-unused-const-variable -Wno-unused-function -Wno-deprecated-declarations -DCHECK_FUNCTION_EXISTS=clock_gettime -isysroot /Applications/Xcode.app/Contents/Developer/Platforms/MacOSX.platform/Developer/SDKs/MacOSX10.11.sdk   -o CMakeFiles/cmTC_afb98.dir/CheckFunctionExists.c.o   -c /usr/local/Cellar/cmake/3.4.0/share/cmake/Modules/CheckFunctionExists.c
Linking C executable cmTC_afb98
/usr/local/Cellar/cmake/3.4.0/bin/cmake -E cmake_link_script CMakeFiles/cmTC_afb98.dir/link.txt --verbose=1
/Applications/Xcode.app/Contents/Developer/Toolchains/XcodeDefault.xctoolchain/usr/bin/cc  -D_GNU_SOURCE -Wall -Wextra -fPIC -Wdocumentation -Wno-missing-field-initializers -Wstrict-aliasing=2 -Wstrict-prototypes -Wdeclaration-after-statement -Wno-unused-const-variable -Wno-unused-function -Wno-deprecated-declarations -DCHECK_FUNCTION_EXISTS=clock_gettime -isysroot /Applications/Xcode.app/Contents/Developer/Platforms/MacOSX.platform/Developer/SDKs/MacOSX10.11.sdk -Wl,-search_paths_first -Wl,-headerpad_max_install_names   CMakeFiles/cmTC_afb98.dir/CheckFunctionExists.c.o  -o cmTC_afb98  -L/Users/sfairchild/temp/sfairchild@github.com/vendor/ruby/2.2.0/gems/rugged-0.24.0b8/vendor/libgit2/build/CMakeFiles/CMakeTmp/time.h  -lrt -Wl,-rpath,/Users/sfairchild/temp/sfairchild@github.com/vendor/ruby/2.2.0/gems/rugged-0.24.0b8/vendor/libgit2/build/CMakeFiles/CMakeTmp/time.h 
ld: warning: directory not found for option '-L/Users/sfairchild/temp/sfairchild@github.com/vendor/ruby/2.2.0/gems/rugged-0.24.0b8/vendor/libgit2/build/CMakeFiles/CMakeTmp/time.h'
ld: library not found for -lrt
clang: error: linker command failed with exit code 1 (use -v to see invocation)
make[1]: *** [cmTC_afb98] Error 1
make: *** [cmTC_afb98/fast] Error 2


